 Data Set Title:
 
  Static Analysis                                                               
  
 
                 Maximum displacement error =
 
                 Convergence was achieved in
 
                   Residual error less than
 
 INITIAL CONDITIONS
 
                           Rectangular Coordinates
                      (Center of Mass or FLEX_BODY LBRF)
 
   Body Type       ID          X                     Y                     Z
       PART/         1             0.0000000000000E+00             0.0000000000000E+00             0.0000000000000E+00
       PART/         3             0.5952915277719E+01            -0.5391170724209E-03            -0.2708420497624E+00
       PART/         4             0.3982797775575E+00            -0.6149699412966E-11             0.5078043114252E+00
       PART/         5             0.8901451572306E-03             0.4501303840341E-20             0.4759798513377E+00
       PART/         6            -0.7128814077432E-01             0.9192291098116E-05             0.4766879320503E+00
       PART/         7            -0.3992193383074E+00             0.3147835802714E-06             0.2498677432926E-01
       PART/         8             0.5322696990824E+00             0.3147835798412E-06             0.2498675300031E-01
       PART/         9             0.4603604406220E+00            -0.4644644940348E-04             0.2841264270704E+00
       PART/        10            -0.7269431250503E-02             0.4860463072749E-03             0.2285323253645E+00
 
 
                         Angular Coordinates (Degrees)
                      (Center of Mass or FLEX_BODY LBRF)
 
   Body Type       ID         Psi                  Theta                  Phi
       PART/         1             0.0000000000000E+00             0.0000000000000E+00             0.0000000000000E+00
       PART/         3             0.0000000000000E+00             0.0000000000000E+00             0.0000000000000E+00
       PART/         4            -0.8070903908139E-30             0.3706848734027E-30             0.0000000000000E+00
       PART/         5            -0.2960091527693E-16             0.3106569929526E-17             0.0000000000000E+00
       PART/         6            -0.8070903908139E-30             0.3706848734027E-30             0.0000000000000E+00
       PART/         7            -0.6361109362927E-14             0.6821348567035E-27             0.0000000000000E+00
       PART/         8            -0.3527115987176E-15             0.1081448489143E-13             0.0000000000000E+00
       PART/         9            -0.3527115987175E-15             0.1081448489143E-13             0.0000000000000E+00
       PART/        10            -0.8070903908139E-30             0.3706848734027E-30             0.0000000000000E+00
 
 
                              Velocity Solution
 
                           Rectangular Coordinates
                      (Center of Mass or FLEX_BODY LBRF)
 
   Body Type       ID         Xdot                  Ydot                  Zdot
       PART/         1             0.0000000000000E+00             0.0000000000000E+00             0.0000000000000E+00
       PART/         3             0.0000000000000E+00             0.0000000000000E+00             0.0000000000000E+00
       PART/         4             0.0000000000000E+00             0.0000000000000E+00             0.0000000000000E+00
       PART/         5             0.0000000000000E+00             0.0000000000000E+00             0.0000000000000E+00
       PART/         6             0.0000000000000E+00             0.0000000000000E+00             0.0000000000000E+00
       PART/         7            -0.2445315966626E-06             0.1443246618797E-20             0.1801562455461E-06
       PART/         8             0.0000000000000E+00             0.0000000000000E+00             0.0000000000000E+00
       PART/         9             0.0000000000000E+00             0.0000000000000E+00             0.0000000000000E+00
       PART/        10             0.0000000000000E+00             0.0000000000000E+00             0.0000000000000E+00
 
 
                          Angular Coordinates (Rad/Time)
                      (Center of Mass or FLEX_BODY LBRF)
 
   Body Type       ID         Wx                   Wy                   Wz
       PART/         1             0.0000000000000E+00             0.0000000000000E+00             0.0000000000000E+00
       PART/         3             0.0000000000000E+00             0.0000000000000E+00             0.0000000000000E+00
       PART/         4             0.0000000000000E+00             0.0000000000000E+00             0.0000000000000E+00
       PART/         5             0.0000000000000E+00             0.0000000000000E+00             0.0000000000000E+00
       PART/         6             0.0000000000000E+00             0.0000000000000E+00             0.0000000000000E+00
       PART/         7             0.1011481864423E-14             0.3141592653590E+00            -0.1098678576873E-14
       PART/         8             0.0000000000000E+00             0.0000000000000E+00             0.0000000000000E+00
       PART/         9             0.0000000000000E+00             0.0000000000000E+00             0.0000000000000E+00
       PART/        10             0.0000000000000E+00             0.0000000000000E+00             0.0000000000000E+00
 
